<?xml version="1.0" encoding="UTF-8"?>
<testsuite xmlns:xsi="http://www.w3.org/2001/XMLSchema-instance" xsi:noNamespaceSchemaLocation="https://maven.apache.org/surefire/maven-surefire-plugin/xsd/surefire-test-report.xsd" version="3.0.2" name="com.qredex.sdk.QredexIntegrationTest" time="0.869" tests="28" errors="0" skipped="0" failures="0">
  <properties>
[...]
</properties>
  <testcase name="issueToken_happy" classname="com.qredex.sdk.QredexIntegrationTest" time="0.252">
    <system-err><![CDATA[SLF4J: Failed to load class "org.slf4j.impl.StaticLoggerBinder".
SLF4J: Defaulting to no-operation (NOP) logger implementation
SLF4J: See http://www.slf4j.org/codes.html#StaticLoggerBinder for further details.
]]></system-err>
  </testcase>
  <testcase name="intents_lockPurchaseIntent_happy" classname="com.qredex.sdk.QredexIntegrationTest" time="0.015"/>
  <testcase name="auth_tokenIsReused" classname="com.qredex.sdk.QredexIntegrationTest" time="0.018"/>
  <testcase name="errorParsing_403_throwsAuthorizationException" classname="com.qredex.sdk.QredexIntegrationTest" time="0.012"/>
  <testcase name="config_missingClientSecret_throwsConfigurationException" classname="com.qredex.sdk.QredexIntegrationTest" time="0.001"/>
  <testcase name="intents_issueIIT_missingToken_throwsValidation" classname="com.qredex.sdk.QredexIntegrationTest" time="0.005"/>
  <testcase name="orders_list_happy" classname="com.qredex.sdk.QredexIntegrationTest" time="0.017"/>
  <testcase name="orders_validation_missingCurrency" classname="com.qredex.sdk.QredexIntegrationTest" time="0.005"/>
  <testcase name="auth_invalidCredentials_throwsAuthenticationException" classname="com.qredex.sdk.QredexIntegrationTest" time="0.004"/>
  <testcase name="creators_create_validationError" classname="com.qredex.sdk.QredexIntegrationTest" time="0.0"/>
  <testcase name="links_create_happy" classname="com.qredex.sdk.QredexIntegrationTest" time="0.01"/>
  <testcase name="refunds_recordRefund_happy" classname="com.qredex.sdk.QredexIntegrationTest" time="0.009"/>
  <testcase name="creators_get_happy" classname="com.qredex.sdk.QredexIntegrationTest" time="0.008"/>
  <testcase name="errorParsing_400_throwsValidationException" classname="com.qredex.sdk.QredexIntegrationTest" time="0.009"/>
  <testcase name="config_missingClientId_throwsConfigurationException" classname="com.qredex.sdk.QredexIntegrationTest" time="0.001"/>
  <testcase name="links_getStats_happy" classname="com.qredex.sdk.QredexIntegrationTest" time="0.008"/>
  <testcase name="intents_issueInfluenceIntentToken_happy" classname="com.qredex.sdk.QredexIntegrationTest" time="0.009"/>
  <testcase name="errorParsing_requestIdAndTraceId_preserved" classname="com.qredex.sdk.QredexIntegrationTest" time="0.007"/>
  <testcase name="creators_list_happy" classname="com.qredex.sdk.QredexIntegrationTest" time="0.01"/>
  <testcase name="refunds_missingExternalRefundId_validation" classname="com.qredex.sdk.QredexIntegrationTest" time="0.003"/>
  <testcase name="auth_clearCache_causesNewTokenFetch" classname="com.qredex.sdk.QredexIntegrationTest" time="0.007"/>
  <testcase name="orders_getDetails_happy" classname="com.qredex.sdk.QredexIntegrationTest" time="0.01"/>
  <testcase name="orders_conflict_throwsConflictException" classname="com.qredex.sdk.QredexIntegrationTest" time="0.008"/>
  <testcase name="creators_create_blankCreatorId_validation" classname="com.qredex.sdk.QredexIntegrationTest" time="0.003"/>
  <testcase name="orders_recordPaidOrder_happy" classname="com.qredex.sdk.QredexIntegrationTest" time="0.006"/>
  <testcase name="creators_create_happy" classname="com.qredex.sdk.QredexIntegrationTest" time="0.005"/>
  <testcase name="errorParsing_404_throwsNotFoundException" classname="com.qredex.sdk.QredexIntegrationTest" time="0.006"/>
  <testcase name="errorParsing_429_throwsRateLimitException" classname="com.qredex.sdk.QredexIntegrationTest" time="0.006"/>
</testsuite>